{
  "query_block": {
    "select_id": 1,
    "cost_info": {
      "query_cost": "48.52"
    },
    "nested_loop": [
      {
        "table": {
          "table_name": "c2",
          "access_type": "ALL",
          "possible_keys": [
            "PRIMARY"
          ],
          "rows_examined_per_scan": 6,
          "rows_produced_per_join": 1,
          "filtered": "16.67",
          "cost_info": {
            "read_cost": "0.75",
            "eval_cost": "0.10",
            "prefix_cost": "0.85",
            "data_read_per_join": "464"
          },
          "used_columns": [
            "company_id",
            "name"
          ],
          "attached_condition": "((`test`.`c2`.`name` = 'F') and (`test`.`c2`.`company_id` is not null))"
        }
      },
      {
        "table": {
          "table_name": "c",
          "access_type": "ref",
          "possible_keys": [
            "company_id",
            "address_id"
          ],
          "key": "company_id",
          "used_key_parts": [
            "company_id"
          ],
          "key_length": "5",
          "ref": [
            "test.c2.company_id"
          ],
          "rows_examined_per_scan": 192,
          "rows_produced_per_join": 64,
          "filtered": "33.33",
          "cost_info": {
            "read_cost": "6.00",
            "eval_cost": "6.41",
            "prefix_cost": "26.08",
            "data_read_per_join": "41K"
          },
          "used_columns": [
            "first_name",
            "last_name",
            "gender",
            "company_id",
            "address_id",
            "spent"
          ],
          "attached_condition": "(`test`.`c`.`spent` > (/* select#2 */ select avg(`test`.`c3`.`spent`) from `test`.`customer` `c3`))",
          "attached_subqueries": [
            {
              "dependent": false,
              "cacheable": true,
              "query_block": {
                "select_id": 2,
                "cost_info": {
                  "query_cost": "117.40"
                },
                "table": {
                  "table_name": "c3",
                  "access_type": "ALL",
                  "rows_examined_per_scan": 1154,
                  "rows_produced_per_join": 1154,
                  "filtered": "100.00",
                  "cost_info": {
                    "read_cost": "2.00",
                    "eval_cost": "115.40",
                    "prefix_cost": "117.40",
                    "data_read_per_join": "739K"
                  },
                  "used_columns": [
                    "spent"
                  ]
                }
              }
            }
          ]
        }
      },
      {
        "table": {
          "table_name": "a",
          "access_type": "eq_ref",
          "possible_keys": [
            "PRIMARY"
          ],
          "key": "PRIMARY",
          "used_key_parts": [
            "address_id"
          ],
          "key_length": "4",
          "ref": [
            "test.c.address_id"
          ],
          "rows_examined_per_scan": 1,
          "rows_produced_per_join": 57,
          "filtered": "90.00",
          "cost_info": {
            "read_cost": "16.03",
            "eval_cost": "5.77",
            "prefix_cost": "48.52",
            "data_read_per_join": "42K"
          },
          "used_columns": [
            "address_id",
            "postal_code",
            "city"
          ],
          "attached_condition": "(`test`.`a`.`postal_code` <> '')"
        }
      }
    ]
  }
}